C:\USERS\KRISTIANSENG\DOCUMENTS\VISUAL STUDIO 2012\PROJECTS\D3DWATER\D3DWATER\DEBUG\MAIN.OBJ
C:\USERS\KRISTIANSENG\DOCUMENTS\VISUAL STUDIO 2012\PROJECTS\D3DWATER\D3DWATER\DEBUG\VC110.PDB
C:\USERS\KRISTIANSENG\DOCUMENTS\VISUAL STUDIO 2012\PROJECTS\D3DWATER\DEBUG\D3DWATER.ILK
C:\USERS\KRISTIANSENG\DOCUMENTS\VISUAL STUDIO 2012\PROJECTS\D3DWATER\DEBUG\D3DWATER.EXE
C:\USERS\KRISTIANSENG\DOCUMENTS\VISUAL STUDIO 2012\PROJECTS\D3DWATER\DEBUG\D3DWATER.PDB
C:\USERS\KRISTIANSENG\DOCUMENTS\VISUAL STUDIO 2012\PROJECTS\D3DWATER\D3DWATER\DEBUG\RESOURCE.RES
C:\Users\kristianseng\Documents\Visual Studio 2012\Projects\D3DWater\D3DWater\Debug\main.obj
C:\Users\kristianseng\Documents\Visual Studio 2012\Projects\D3DWater\D3DWater\Debug\cl.command.1.tlog
C:\Users\kristianseng\Documents\Visual Studio 2012\Projects\D3DWater\D3DWater\Debug\CL.read.1.tlog
C:\Users\kristianseng\Documents\Visual Studio 2012\Projects\D3DWater\D3DWater\Debug\CL.write.1.tlog
C:\Users\kristianseng\Documents\Visual Studio 2012\Projects\D3DWater\D3DWater\Debug\link-cvtres.read.1.tlog
C:\Users\kristianseng\Documents\Visual Studio 2012\Projects\D3DWater\D3DWater\Debug\link-cvtres.write.1.tlog
C:\Users\kristianseng\Documents\Visual Studio 2012\Projects\D3DWater\D3DWater\Debug\link-rc.read.1.tlog
C:\Users\kristianseng\Documents\Visual Studio 2012\Projects\D3DWater\D3DWater\Debug\link-rc.write.1.tlog
C:\Users\kristianseng\Documents\Visual Studio 2012\Projects\D3DWater\D3DWater\Debug\link.2664-cvtres.read.1.tlog
C:\Users\kristianseng\Documents\Visual Studio 2012\Projects\D3DWater\D3DWater\Debug\link.2664-cvtres.write.1.tlog
C:\Users\kristianseng\Documents\Visual Studio 2012\Projects\D3DWater\D3DWater\Debug\link.2664-rc.read.1.tlog
C:\Users\kristianseng\Documents\Visual Studio 2012\Projects\D3DWater\D3DWater\Debug\link.2664-rc.write.1.tlog
C:\Users\kristianseng\Documents\Visual Studio 2012\Projects\D3DWater\D3DWater\Debug\link.2664.read.1.tlog
C:\Users\kristianseng\Documents\Visual Studio 2012\Projects\D3DWater\D3DWater\Debug\link.2664.write.1.tlog
C:\Users\kristianseng\Documents\Visual Studio 2012\Projects\D3DWater\D3DWater\Debug\link.2776-cvtres.read.1.tlog
C:\Users\kristianseng\Documents\Visual Studio 2012\Projects\D3DWater\D3DWater\Debug\link.2776-cvtres.write.1.tlog
C:\Users\kristianseng\Documents\Visual Studio 2012\Projects\D3DWater\D3DWater\Debug\link.2776-rc.read.1.tlog
C:\Users\kristianseng\Documents\Visual Studio 2012\Projects\D3DWater\D3DWater\Debug\link.2776-rc.write.1.tlog
C:\Users\kristianseng\Documents\Visual Studio 2012\Projects\D3DWater\D3DWater\Debug\link.2776.read.1.tlog
C:\Users\kristianseng\Documents\Visual Studio 2012\Projects\D3DWater\D3DWater\Debug\link.2776.write.1.tlog
C:\Users\kristianseng\Documents\Visual Studio 2012\Projects\D3DWater\D3DWater\Debug\link.4172-cvtres.read.1.tlog
C:\Users\kristianseng\Documents\Visual Studio 2012\Projects\D3DWater\D3DWater\Debug\link.4172-cvtres.write.1.tlog
C:\Users\kristianseng\Documents\Visual Studio 2012\Projects\D3DWater\D3DWater\Debug\link.4172-rc.read.1.tlog
C:\Users\kristianseng\Documents\Visual Studio 2012\Projects\D3DWater\D3DWater\Debug\link.4172-rc.write.1.tlog
C:\Users\kristianseng\Documents\Visual Studio 2012\Projects\D3DWater\D3DWater\Debug\link.4172.read.1.tlog
C:\Users\kristianseng\Documents\Visual Studio 2012\Projects\D3DWater\D3DWater\Debug\link.4172.write.1.tlog
C:\Users\kristianseng\Documents\Visual Studio 2012\Projects\D3DWater\D3DWater\Debug\link.6472-cvtres.read.1.tlog
C:\Users\kristianseng\Documents\Visual Studio 2012\Projects\D3DWater\D3DWater\Debug\link.6472-cvtres.write.1.tlog
C:\Users\kristianseng\Documents\Visual Studio 2012\Projects\D3DWater\D3DWater\Debug\link.6472-rc.read.1.tlog
C:\Users\kristianseng\Documents\Visual Studio 2012\Projects\D3DWater\D3DWater\Debug\link.6472-rc.write.1.tlog
C:\Users\kristianseng\Documents\Visual Studio 2012\Projects\D3DWater\D3DWater\Debug\link.6472.read.1.tlog
C:\Users\kristianseng\Documents\Visual Studio 2012\Projects\D3DWater\D3DWater\Debug\link.6472.write.1.tlog
C:\Users\kristianseng\Documents\Visual Studio 2012\Projects\D3DWater\D3DWater\Debug\link.command.1.tlog
C:\Users\kristianseng\Documents\Visual Studio 2012\Projects\D3DWater\D3DWater\Debug\link.read.1.tlog
C:\Users\kristianseng\Documents\Visual Studio 2012\Projects\D3DWater\D3DWater\Debug\link.write.1.tlog
C:\Users\kristianseng\Documents\Visual Studio 2012\Projects\D3DWater\D3DWater\Debug\rc.command.1.tlog
C:\Users\kristianseng\Documents\Visual Studio 2012\Projects\D3DWater\D3DWater\Debug\rc.read.1.tlog
C:\Users\kristianseng\Documents\Visual Studio 2012\Projects\D3DWater\D3DWater\Debug\rc.write.1.tlog
C:\Users\kristianseng\Documents\Visual Studio 2012\Projects\D3DWater\D3DWater\Debug\resource.res
C:\Users\kristianseng\Documents\Visual Studio 2012\Projects\D3DWater\D3DWater\Debug\vc110.idb
C:\Users\kristianseng\Documents\Visual Studio 2012\Projects\D3DWater\D3DWater\Debug\vc110.pdb
C:\Users\kristianseng\Documents\Visual Studio 2012\Projects\D3DWater\Debug\D3DWater.pdb
C:\Users\kristianseng\Documents\Visual Studio 2012\Projects\D3DWater\Debug\D3DWater.exe
C:\Users\kristianseng\Documents\Visual Studio 2012\Projects\D3DWater\Debug\D3DWater.ilk
